{"uid":"1995b597bd6e4555","name":"Test 03: Verify_New_User","fullName":"test_cases.test_web.TestWeb#test_verify_new_user","time":{"start":1734602758599,"stop":1734602761380,"duration":2781},"description":"This Test verifies add New User to Users List","descriptionHtml":"<p>This Test verifies add New User to Users List</p>\n","status":"broken","statusMessage":"selenium.common.exceptions.NoSuchElementException: Message: no such element: Unable to locate element: {\"method\":\"css selector\",\"selector\":\".css-td06pi-button\"}\n  (Session info: chrome=131.0.6778.140); For documentation on this error, please visit: https://www.selenium.dev/documentation/webdriver/troubleshooting/errors#no-such-element-exception\nStacktrace:\n\tGetHandleVerifier [0x00B8EC13+23731]\n\t(No symbol) [0x00B1C394]\n\t(No symbol) [0x009FBE63]\n\t(No symbol) [0x00A3FCE6]\n\t(No symbol) [0x00A3FF2B]\n\t(No symbol) [0x00A7D892]\n\t(No symbol) [0x00A61EA4]\n\t(No symbol) [0x00A7B46E]\n\t(No symbol) [0x00A61BF6]\n\t(No symbol) [0x00A33F35]\n\t(No symbol) [0x00A34EBD]\n\tGetHandleVerifier [0x00E6F0D3+3039603]\n\tGetHandleVerifier [0x00E82DEA+3120778]\n\tGetHandleVerifier [0x00E7B592+3089970]\n\tGetHandleVerifier [0x00C243B0+635984]\n\t(No symbol) [0x00B24DCD]\n\t(No symbol) [0x00B22068]\n\t(No symbol) [0x00B22205]\n\t(No symbol) [0x00B14FD0]\n\tBaseThreadInitThunk [0x76FFFCC9+25]\n\tRtlGetAppContainerNamedObjectPath [0x77B3809E+286]\n\tRtlGetAppContainerNamedObjectPath [0x77B3806E+238]","statusTrace":"self = <test_cases.test_web.TestWeb object at 0x000002ADAE168C80>\n\n    @allure.title(\"Test 03: Verify_New_User\")\n    @allure.description(\"This Test verifies add New User to Users List\")\n    def test_verify_new_user(self):\n        WebFlow.open_users_page()\n>       WebFlow.create_user('ron_test', 'ron@gmail', 'rongoshen_test', \"123456\")\n\ntest_cases\\test_web.py:26: \n_ _ _ _ _ _ _ _ _ _ _ _ _ _ _ _ _ _ _ _ _ _ _ _ _ _ _ _ _ _ _ _ _ _ _ _ _ _ _ _ _ _ _ _ _ _ _ _ _ _ _ _ _ _ _ _ _ _ _ _ _ _ _ _ _ _ _ _ _ _ _ _ _ _ _ _ _ _ _ _ _ _ _ _ _ _ _ _\nworkflows\\web_flows.py:47: in create_user\n    UiActions.click(page.web_users.get_new_user_button())\npage_objects\\web_objects\\users_page.py:20: in get_new_user_button\n    return self.driver.find_element(new_user_button[0], new_user_button[1])\n..\\..\\AppData\\Local\\Programs\\Python\\Python312\\Lib\\site-packages\\selenium\\webdriver\\support\\event_firing_webdriver.py:104: in find_element\n    return self._dispatch(\"find\", (by, value, self._driver), \"find_element\", (by, value))\n..\\..\\AppData\\Local\\Programs\\Python\\Python312\\Lib\\site-packages\\selenium\\webdriver\\support\\event_firing_webdriver.py:114: in _dispatch\n    result = getattr(self._driver, d_call)(*d_args)\n..\\..\\AppData\\Local\\Programs\\Python\\Python312\\Lib\\site-packages\\selenium\\webdriver\\remote\\webdriver.py:748: in find_element\n    return self.execute(Command.FIND_ELEMENT, {\"using\": by, \"value\": value})[\"value\"]\n..\\..\\AppData\\Local\\Programs\\Python\\Python312\\Lib\\site-packages\\selenium\\webdriver\\remote\\webdriver.py:354: in execute\n    self.error_handler.check_response(response)\n_ _ _ _ _ _ _ _ _ _ _ _ _ _ _ _ _ _ _ _ _ _ _ _ _ _ _ _ _ _ _ _ _ _ _ _ _ _ _ _ _ _ _ _ _ _ _ _ _ _ _ _ _ _ _ _ _ _ _ _ _ _ _ _ _ _ _ _ _ _ _ _ _ _ _ _ _ _ _ _ _ _ _ _ _ _ _ _\n\nself = <selenium.webdriver.remote.errorhandler.ErrorHandler object at 0x000002ADAD0E0F50>\nresponse = {'status': 404, 'value': '{\"value\":{\"error\":\"no such element\",\"message\":\"no such element: Unable to locate element: {\\...\\n\\\\tRtlGetAppContainerNamedObjectPath [0x77B3809E+286]\\\\n\\\\tRtlGetAppContainerNamedObjectPath [0x77B3806E+238]\\\\n\"}}'}\n\n    def check_response(self, response: Dict[str, Any]) -> None:\n        \"\"\"Checks that a JSON response from the WebDriver does not have an\n        error.\n    \n        :Args:\n         - response - The JSON response from the WebDriver server as a dictionary\n           object.\n    \n        :Raises: If the response contains an error message.\n        \"\"\"\n        status = response.get(\"status\", None)\n        if not status or status == ErrorCode.SUCCESS:\n            return\n        value = None\n        message = response.get(\"message\", \"\")\n        screen: str = response.get(\"screen\", \"\")\n        stacktrace = None\n        if isinstance(status, int):\n            value_json = response.get(\"value\", None)\n            if value_json and isinstance(value_json, str):\n                import json\n    \n                try:\n                    value = json.loads(value_json)\n                    if len(value) == 1:\n                        value = value[\"value\"]\n                    status = value.get(\"error\", None)\n                    if not status:\n                        status = value.get(\"status\", ErrorCode.UNKNOWN_ERROR)\n                        message = value.get(\"value\") or value.get(\"message\")\n                        if not isinstance(message, str):\n                            value = message\n                            message = message.get(\"message\")\n                    else:\n                        message = value.get(\"message\", None)\n                except ValueError:\n                    pass\n    \n        exception_class: Type[WebDriverException]\n        e = ErrorCode()\n        error_codes = [item for item in dir(e) if not item.startswith(\"__\")]\n        for error_code in error_codes:\n            error_info = getattr(ErrorCode, error_code)\n            if isinstance(error_info, list) and status in error_info:\n                exception_class = getattr(ExceptionMapping, error_code, WebDriverException)\n                break\n        else:\n            exception_class = WebDriverException\n    \n        if not value:\n            value = response[\"value\"]\n        if isinstance(value, str):\n            raise exception_class(value)\n        if message == \"\" and \"message\" in value:\n            message = value[\"message\"]\n    \n        screen = None  # type: ignore[assignment]\n        if \"screen\" in value:\n            screen = value[\"screen\"]\n    \n        stacktrace = None\n        st_value = value.get(\"stackTrace\") or value.get(\"stacktrace\")\n        if st_value:\n            if isinstance(st_value, str):\n                stacktrace = st_value.split(\"\\n\")\n            else:\n                stacktrace = []\n                try:\n                    for frame in st_value:\n                        line = frame.get(\"lineNumber\", \"\")\n                        file = frame.get(\"fileName\", \"<anonymous>\")\n                        if line:\n                            file = f\"{file}:{line}\"\n                        meth = frame.get(\"methodName\", \"<anonymous>\")\n                        if \"className\" in frame:\n                            meth = f\"{frame['className']}.{meth}\"\n                        msg = \"    at %s (%s)\"\n                        msg = msg % (meth, file)\n                        stacktrace.append(msg)\n                except TypeError:\n                    pass\n        if exception_class == UnexpectedAlertPresentException:\n            alert_text = None\n            if \"data\" in value:\n                alert_text = value[\"data\"].get(\"text\")\n            elif \"alert\" in value:\n                alert_text = value[\"alert\"].get(\"text\")\n            raise exception_class(message, screen, stacktrace, alert_text)  # type: ignore[call-arg]  # mypy is not smart enough here\n>       raise exception_class(message, screen, stacktrace)\nE       selenium.common.exceptions.NoSuchElementException: Message: no such element: Unable to locate element: {\"method\":\"css selector\",\"selector\":\".css-td06pi-button\"}\nE         (Session info: chrome=131.0.6778.140); For documentation on this error, please visit: https://www.selenium.dev/documentation/webdriver/troubleshooting/errors#no-such-element-exception\nE       Stacktrace:\nE       \tGetHandleVerifier [0x00B8EC13+23731]\nE       \t(No symbol) [0x00B1C394]\nE       \t(No symbol) [0x009FBE63]\nE       \t(No symbol) [0x00A3FCE6]\nE       \t(No symbol) [0x00A3FF2B]\nE       \t(No symbol) [0x00A7D892]\nE       \t(No symbol) [0x00A61EA4]\nE       \t(No symbol) [0x00A7B46E]\nE       \t(No symbol) [0x00A61BF6]\nE       \t(No symbol) [0x00A33F35]\nE       \t(No symbol) [0x00A34EBD]\nE       \tGetHandleVerifier [0x00E6F0D3+3039603]\nE       \tGetHandleVerifier [0x00E82DEA+3120778]\nE       \tGetHandleVerifier [0x00E7B592+3089970]\nE       \tGetHandleVerifier [0x00C243B0+635984]\nE       \t(No symbol) [0x00B24DCD]\nE       \t(No symbol) [0x00B22068]\nE       \t(No symbol) [0x00B22205]\nE       \t(No symbol) [0x00B14FD0]\nE       \tBaseThreadInitThunk [0x76FFFCC9+25]\nE       \tRtlGetAppContainerNamedObjectPath [0x77B3809E+286]\nE       \tRtlGetAppContainerNamedObjectPath [0x77B3806E+238]\n\n..\\..\\AppData\\Local\\Programs\\Python\\Python312\\Lib\\site-packages\\selenium\\webdriver\\remote\\errorhandler.py:229: NoSuchElementException","flaky":false,"newFailed":false,"newBroken":false,"newPassed":false,"retriesCount":0,"retriesStatusChange":false,"beforeStages":[{"name":"init_web_driver","time":{"start":1734602739394,"stop":1734602746497,"duration":7103},"status":"passed","steps":[],"attachments":[],"parameters":[],"shouldDisplayMessage":false,"attachmentsCount":0,"hasContent":false,"stepsCount":0,"attachmentStep":false},{"name":"_xunit_setup_method_fixture_TestWeb","time":{"start":1734602758598,"stop":1734602758598,"duration":0},"status":"passed","steps":[],"attachments":[],"parameters":[],"shouldDisplayMessage":false,"attachmentsCount":0,"hasContent":false,"stepsCount":0,"attachmentStep":false}],"testStage":{"description":"This Test verifies add New User to Users List","status":"broken","statusMessage":"selenium.common.exceptions.NoSuchElementException: Message: no such element: Unable to locate element: {\"method\":\"css selector\",\"selector\":\".css-td06pi-button\"}\n  (Session info: chrome=131.0.6778.140); For documentation on this error, please visit: https://www.selenium.dev/documentation/webdriver/troubleshooting/errors#no-such-element-exception\nStacktrace:\n\tGetHandleVerifier [0x00B8EC13+23731]\n\t(No symbol) [0x00B1C394]\n\t(No symbol) [0x009FBE63]\n\t(No symbol) [0x00A3FCE6]\n\t(No symbol) [0x00A3FF2B]\n\t(No symbol) [0x00A7D892]\n\t(No symbol) [0x00A61EA4]\n\t(No symbol) [0x00A7B46E]\n\t(No symbol) [0x00A61BF6]\n\t(No symbol) [0x00A33F35]\n\t(No symbol) [0x00A34EBD]\n\tGetHandleVerifier [0x00E6F0D3+3039603]\n\tGetHandleVerifier [0x00E82DEA+3120778]\n\tGetHandleVerifier [0x00E7B592+3089970]\n\tGetHandleVerifier [0x00C243B0+635984]\n\t(No symbol) [0x00B24DCD]\n\t(No symbol) [0x00B22068]\n\t(No symbol) [0x00B22205]\n\t(No symbol) [0x00B14FD0]\n\tBaseThreadInitThunk [0x76FFFCC9+25]\n\tRtlGetAppContainerNamedObjectPath [0x77B3809E+286]\n\tRtlGetAppContainerNamedObjectPath [0x77B3806E+238]","statusTrace":"self = <test_cases.test_web.TestWeb object at 0x000002ADAE168C80>\n\n    @allure.title(\"Test 03: Verify_New_User\")\n    @allure.description(\"This Test verifies add New User to Users List\")\n    def test_verify_new_user(self):\n        WebFlow.open_users_page()\n>       WebFlow.create_user('ron_test', 'ron@gmail', 'rongoshen_test', \"123456\")\n\ntest_cases\\test_web.py:26: \n_ _ _ _ _ _ _ _ _ _ _ _ _ _ _ _ _ _ _ _ _ _ _ _ _ _ _ _ _ _ _ _ _ _ _ _ _ _ _ _ _ _ _ _ _ _ _ _ _ _ _ _ _ _ _ _ _ _ _ _ _ _ _ _ _ _ _ _ _ _ _ _ _ _ _ _ _ _ _ _ _ _ _ _ _ _ _ _\nworkflows\\web_flows.py:47: in create_user\n    UiActions.click(page.web_users.get_new_user_button())\npage_objects\\web_objects\\users_page.py:20: in get_new_user_button\n    return self.driver.find_element(new_user_button[0], new_user_button[1])\n..\\..\\AppData\\Local\\Programs\\Python\\Python312\\Lib\\site-packages\\selenium\\webdriver\\support\\event_firing_webdriver.py:104: in find_element\n    return self._dispatch(\"find\", (by, value, self._driver), \"find_element\", (by, value))\n..\\..\\AppData\\Local\\Programs\\Python\\Python312\\Lib\\site-packages\\selenium\\webdriver\\support\\event_firing_webdriver.py:114: in _dispatch\n    result = getattr(self._driver, d_call)(*d_args)\n..\\..\\AppData\\Local\\Programs\\Python\\Python312\\Lib\\site-packages\\selenium\\webdriver\\remote\\webdriver.py:748: in find_element\n    return self.execute(Command.FIND_ELEMENT, {\"using\": by, \"value\": value})[\"value\"]\n..\\..\\AppData\\Local\\Programs\\Python\\Python312\\Lib\\site-packages\\selenium\\webdriver\\remote\\webdriver.py:354: in execute\n    self.error_handler.check_response(response)\n_ _ _ _ _ _ _ _ _ _ _ _ _ _ _ _ _ _ _ _ _ _ _ _ _ _ _ _ _ _ _ _ _ _ _ _ _ _ _ _ _ _ _ _ _ _ _ _ _ _ _ _ _ _ _ _ _ _ _ _ _ _ _ _ _ _ _ _ _ _ _ _ _ _ _ _ _ _ _ _ _ _ _ _ _ _ _ _\n\nself = <selenium.webdriver.remote.errorhandler.ErrorHandler object at 0x000002ADAD0E0F50>\nresponse = {'status': 404, 'value': '{\"value\":{\"error\":\"no such element\",\"message\":\"no such element: Unable to locate element: {\\...\\n\\\\tRtlGetAppContainerNamedObjectPath [0x77B3809E+286]\\\\n\\\\tRtlGetAppContainerNamedObjectPath [0x77B3806E+238]\\\\n\"}}'}\n\n    def check_response(self, response: Dict[str, Any]) -> None:\n        \"\"\"Checks that a JSON response from the WebDriver does not have an\n        error.\n    \n        :Args:\n         - response - The JSON response from the WebDriver server as a dictionary\n           object.\n    \n        :Raises: If the response contains an error message.\n        \"\"\"\n        status = response.get(\"status\", None)\n        if not status or status == ErrorCode.SUCCESS:\n            return\n        value = None\n        message = response.get(\"message\", \"\")\n        screen: str = response.get(\"screen\", \"\")\n        stacktrace = None\n        if isinstance(status, int):\n            value_json = response.get(\"value\", None)\n            if value_json and isinstance(value_json, str):\n                import json\n    \n                try:\n                    value = json.loads(value_json)\n                    if len(value) == 1:\n                        value = value[\"value\"]\n                    status = value.get(\"error\", None)\n                    if not status:\n                        status = value.get(\"status\", ErrorCode.UNKNOWN_ERROR)\n                        message = value.get(\"value\") or value.get(\"message\")\n                        if not isinstance(message, str):\n                            value = message\n                            message = message.get(\"message\")\n                    else:\n                        message = value.get(\"message\", None)\n                except ValueError:\n                    pass\n    \n        exception_class: Type[WebDriverException]\n        e = ErrorCode()\n        error_codes = [item for item in dir(e) if not item.startswith(\"__\")]\n        for error_code in error_codes:\n            error_info = getattr(ErrorCode, error_code)\n            if isinstance(error_info, list) and status in error_info:\n                exception_class = getattr(ExceptionMapping, error_code, WebDriverException)\n                break\n        else:\n            exception_class = WebDriverException\n    \n        if not value:\n            value = response[\"value\"]\n        if isinstance(value, str):\n            raise exception_class(value)\n        if message == \"\" and \"message\" in value:\n            message = value[\"message\"]\n    \n        screen = None  # type: ignore[assignment]\n        if \"screen\" in value:\n            screen = value[\"screen\"]\n    \n        stacktrace = None\n        st_value = value.get(\"stackTrace\") or value.get(\"stacktrace\")\n        if st_value:\n            if isinstance(st_value, str):\n                stacktrace = st_value.split(\"\\n\")\n            else:\n                stacktrace = []\n                try:\n                    for frame in st_value:\n                        line = frame.get(\"lineNumber\", \"\")\n                        file = frame.get(\"fileName\", \"<anonymous>\")\n                        if line:\n                            file = f\"{file}:{line}\"\n                        meth = frame.get(\"methodName\", \"<anonymous>\")\n                        if \"className\" in frame:\n                            meth = f\"{frame['className']}.{meth}\"\n                        msg = \"    at %s (%s)\"\n                        msg = msg % (meth, file)\n                        stacktrace.append(msg)\n                except TypeError:\n                    pass\n        if exception_class == UnexpectedAlertPresentException:\n            alert_text = None\n            if \"data\" in value:\n                alert_text = value[\"data\"].get(\"text\")\n            elif \"alert\" in value:\n                alert_text = value[\"alert\"].get(\"text\")\n            raise exception_class(message, screen, stacktrace, alert_text)  # type: ignore[call-arg]  # mypy is not smart enough here\n>       raise exception_class(message, screen, stacktrace)\nE       selenium.common.exceptions.NoSuchElementException: Message: no such element: Unable to locate element: {\"method\":\"css selector\",\"selector\":\".css-td06pi-button\"}\nE         (Session info: chrome=131.0.6778.140); For documentation on this error, please visit: https://www.selenium.dev/documentation/webdriver/troubleshooting/errors#no-such-element-exception\nE       Stacktrace:\nE       \tGetHandleVerifier [0x00B8EC13+23731]\nE       \t(No symbol) [0x00B1C394]\nE       \t(No symbol) [0x009FBE63]\nE       \t(No symbol) [0x00A3FCE6]\nE       \t(No symbol) [0x00A3FF2B]\nE       \t(No symbol) [0x00A7D892]\nE       \t(No symbol) [0x00A61EA4]\nE       \t(No symbol) [0x00A7B46E]\nE       \t(No symbol) [0x00A61BF6]\nE       \t(No symbol) [0x00A33F35]\nE       \t(No symbol) [0x00A34EBD]\nE       \tGetHandleVerifier [0x00E6F0D3+3039603]\nE       \tGetHandleVerifier [0x00E82DEA+3120778]\nE       \tGetHandleVerifier [0x00E7B592+3089970]\nE       \tGetHandleVerifier [0x00C243B0+635984]\nE       \t(No symbol) [0x00B24DCD]\nE       \t(No symbol) [0x00B22068]\nE       \t(No symbol) [0x00B22205]\nE       \t(No symbol) [0x00B14FD0]\nE       \tBaseThreadInitThunk [0x76FFFCC9+25]\nE       \tRtlGetAppContainerNamedObjectPath [0x77B3809E+286]\nE       \tRtlGetAppContainerNamedObjectPath [0x77B3806E+238]\n\n..\\..\\AppData\\Local\\Programs\\Python\\Python312\\Lib\\site-packages\\selenium\\webdriver\\remote\\errorhandler.py:229: NoSuchElementException","steps":[{"name":"Clicking on the left Menus and reaching the users page","time":{"start":1734602758599,"stop":1734602759331,"duration":732},"status":"passed","steps":[{"name":"Clicks on an Element","time":{"start":1734602758631,"stop":1734602758836,"duration":205},"status":"passed","steps":[],"attachments":[],"parameters":[{"name":"elem","value":"<selenium.webdriver.support.event_firing_webdriver.EventFiringWebElement object at 0x000002ADAE10A420>"}],"shouldDisplayMessage":false,"attachmentsCount":0,"hasContent":true,"stepsCount":0,"attachmentStep":false},{"name":"Clicks on an Element","time":{"start":1734602758870,"stop":1734602759068,"duration":198},"status":"passed","steps":[],"attachments":[],"parameters":[{"name":"elem","value":"<selenium.webdriver.support.event_firing_webdriver.EventFiringWebElement object at 0x000002ADAE10A420>"}],"shouldDisplayMessage":false,"attachmentsCount":0,"hasContent":true,"stepsCount":0,"attachmentStep":false},{"name":"Clicks on an Element","time":{"start":1734602759100,"stop":1734602759331,"duration":231},"status":"passed","steps":[],"attachments":[],"parameters":[{"name":"elem","value":"<selenium.webdriver.support.event_firing_webdriver.EventFiringWebElement object at 0x000002ADAE10A420>"}],"shouldDisplayMessage":false,"attachmentsCount":0,"hasContent":true,"stepsCount":0,"attachmentStep":false}],"attachments":[],"parameters":[],"shouldDisplayMessage":false,"attachmentsCount":0,"hasContent":true,"stepsCount":3,"attachmentStep":false},{"name":"Create a New User","time":{"start":1734602759332,"stop":1734602761372,"duration":2040},"status":"broken","statusMessage":"selenium.common.exceptions.NoSuchElementException: Message: no such element: Unable to locate element: {\"method\":\"css selector\",\"selector\":\".css-td06pi-button\"}\n  (Session info: chrome=131.0.6778.140); For documentation on this error, please visit: https://www.selenium.dev/documentation/webdriver/troubleshooting/errors#no-such-element-exception\nStacktrace:\n\tGetHandleVerifier [0x00B8EC13+23731]\n\t(No symbol) [0x00B1C394]\n\t(No symbol) [0x009FBE63]\n\t(No symbol) [0x00A3FCE6]\n\t(No symbol) [0x00A3FF2B]\n\t(No symbol) [0x00A7D892]\n\t(No symbol) [0x00A61EA4]\n\t(No symbol) [0x00A7B46E]\n\t(No symbol) [0x00A61BF6]\n\t(No symbol) [0x00A33F35]\n\t(No symbol) [0x00A34EBD]\n\tGetHandleVerifier [0x00E6F0D3+3039603]\n\tGetHandleVerifier [0x00E82DEA+3120778]\n\tGetHandleVerifier [0x00E7B592+3089970]\n\tGetHandleVerifier [0x00C243B0+635984]\n\t(No symbol) [0x00B24DCD]\n\t(No symbol) [0x00B22068]\n\t(No symbol) [0x00B22205]\n\t(No symbol) [0x00B14FD0]\n\tBaseThreadInitThunk [0x76FFFCC9+25]\n\tRtlGetAppContainerNamedObjectPath [0x77B3809E+286]\n\tRtlGetAppContainerNamedObjectPath [0x77B3806E+238]\n\n","statusTrace":"  File \"C:\\Users\\moshiach\\AppData\\Local\\Programs\\Python\\Python312\\Lib\\site-packages\\allure_commons\\_allure.py\", line 192, in impl\n    return func(*a, **kw)\n           ^^^^^^^^^^^^^^\n  File \"C:\\Users\\moshiach\\Automation\\test_automation_final_project\\workflows\\web_flows.py\", line 47, in create_user\n    UiActions.click(page.web_users.get_new_user_button())\n                    ^^^^^^^^^^^^^^^^^^^^^^^^^^^^^^^^^^^^\n  File \"C:\\Users\\moshiach\\Automation\\test_automation_final_project\\page_objects\\web_objects\\users_page.py\", line 20, in get_new_user_button\n    return self.driver.find_element(new_user_button[0], new_user_button[1])\n           ^^^^^^^^^^^^^^^^^^^^^^^^^^^^^^^^^^^^^^^^^^^^^^^^^^^^^^^^^^^^^^^^\n  File \"C:\\Users\\moshiach\\AppData\\Local\\Programs\\Python\\Python312\\Lib\\site-packages\\selenium\\webdriver\\support\\event_firing_webdriver.py\", line 104, in find_element\n    return self._dispatch(\"find\", (by, value, self._driver), \"find_element\", (by, value))\n           ^^^^^^^^^^^^^^^^^^^^^^^^^^^^^^^^^^^^^^^^^^^^^^^^^^^^^^^^^^^^^^^^^^^^^^^^^^^^^^\n  File \"C:\\Users\\moshiach\\AppData\\Local\\Programs\\Python\\Python312\\Lib\\site-packages\\selenium\\webdriver\\support\\event_firing_webdriver.py\", line 114, in _dispatch\n    result = getattr(self._driver, d_call)(*d_args)\n             ^^^^^^^^^^^^^^^^^^^^^^^^^^^^^^^^^^^^^^\n  File \"C:\\Users\\moshiach\\AppData\\Local\\Programs\\Python\\Python312\\Lib\\site-packages\\selenium\\webdriver\\remote\\webdriver.py\", line 748, in find_element\n    return self.execute(Command.FIND_ELEMENT, {\"using\": by, \"value\": value})[\"value\"]\n           ^^^^^^^^^^^^^^^^^^^^^^^^^^^^^^^^^^^^^^^^^^^^^^^^^^^^^^^^^^^^^^^^^\n  File \"C:\\Users\\moshiach\\AppData\\Local\\Programs\\Python\\Python312\\Lib\\site-packages\\selenium\\webdriver\\remote\\webdriver.py\", line 354, in execute\n    self.error_handler.check_response(response)\n  File \"C:\\Users\\moshiach\\AppData\\Local\\Programs\\Python\\Python312\\Lib\\site-packages\\selenium\\webdriver\\remote\\errorhandler.py\", line 229, in check_response\n    raise exception_class(message, screen, stacktrace)\n","steps":[],"attachments":[],"parameters":[{"name":"name","value":"'ron_test'"},{"name":"email","value":"'ron@gmail'"},{"name":"username","value":"'rongoshen_test'"},{"name":"password","value":"'123456'"}],"shouldDisplayMessage":true,"attachmentsCount":0,"hasContent":true,"stepsCount":0,"attachmentStep":false}],"attachments":[{"type":"image/png","size":0}],"parameters":[],"shouldDisplayMessage":true,"attachmentsCount":1,"hasContent":true,"stepsCount":5,"attachmentStep":false},"afterStages":[{"name":"_xunit_setup_method_fixture_TestWeb::0","time":{"start":1734602762239,"stop":1734602763550,"duration":1311},"status":"passed","steps":[{"name":"Returns to Home Page and Closes Open Left Menus if Necessary","time":{"start":1734602762240,"stop":1734602763550,"duration":1310},"status":"passed","steps":[{"name":"Clicks on an Element","time":{"start":1734602763146,"stop":1734602763315,"duration":169},"status":"passed","steps":[],"attachments":[],"parameters":[{"name":"elem","value":"<selenium.webdriver.support.event_firing_webdriver.EventFiringWebElement object at 0x000002ADAE198FE0>"}],"shouldDisplayMessage":false,"attachmentsCount":0,"hasContent":true,"stepsCount":0,"attachmentStep":false},{"name":"Clicks on an Element","time":{"start":1734602763364,"stop":1734602763550,"duration":186},"status":"passed","steps":[],"attachments":[],"parameters":[{"name":"elem","value":"<selenium.webdriver.support.event_firing_webdriver.EventFiringWebElement object at 0x000002ADAE198CB0>"}],"shouldDisplayMessage":false,"attachmentsCount":0,"hasContent":true,"stepsCount":0,"attachmentStep":false}],"attachments":[],"parameters":[],"shouldDisplayMessage":false,"attachmentsCount":0,"hasContent":true,"stepsCount":2,"attachmentStep":false}],"attachments":[],"parameters":[],"shouldDisplayMessage":false,"attachmentsCount":0,"hasContent":true,"stepsCount":3,"attachmentStep":false},{"name":"init_web_driver::0","time":{"start":1734602763553,"stop":1734602765884,"duration":2331},"status":"passed","steps":[],"attachments":[],"parameters":[],"shouldDisplayMessage":false,"attachmentsCount":0,"hasContent":false,"stepsCount":0,"attachmentStep":false}],"labels":[{"name":"resultFormat","value":"allure2"}],"parameters":[],"links":[],"hidden":false,"retry":false,"extra":{"severity":"normal","categories":[{"name":"Test defects","matchedStatuses":[],"flaky":false}],"tags":[]},"source":"1995b597bd6e4555.json","parameterValues":[]}